<?xml version="1.0" encoding="UTF-8"?>
<testsuite name="se.thinkcode.DemoTaskTest" tests="1" skipped="0" failures="0" errors="0" timestamp="2018-10-04T14:27:53" hostname="CATHLP124" time="0.013">
  <properties/>
  <testcase name="should_be_able_to_add_task_to_project" classname="se.thinkcode.DemoTaskTest" time="0.013"/>
  <system-out><![CDATA[]]></system-out>
  <system-err><![CDATA[]]></system-err>
</testsuite>
