<?xml version="1.0" encoding="UTF-8"?>
<testsuite name="se.thinkcode.HelloWorldTest" tests="1" skipped="0" failures="0" errors="0" timestamp="2018-10-04T14:27:50" hostname="CATHLP124" time="0.004">
  <properties/>
  <testcase name="greet_the_user" classname="se.thinkcode.HelloWorldTest" time="0.004"/>
  <system-out><![CDATA[]]></system-out>
  <system-err><![CDATA[]]></system-err>
</testsuite>
