<?xml version="1.0" encoding="UTF-8"?>
<testsuite name="se.thinkcode.DemoPluginTest" tests="1" skipped="0" failures="0" errors="0" timestamp="2018-10-04T14:27:51" hostname="CATHLP124" time="2.579">
  <properties/>
  <testcase name="demo_plugin_should_add_task_to_project" classname="se.thinkcode.DemoPluginTest" time="2.579"/>
  <system-out><![CDATA[]]></system-out>
  <system-err><![CDATA[]]></system-err>
</testsuite>
